<?xml version="1.0" encoding="UTF-8"?>
<testsuite name="experiment8_pitest.AppTest" tests="1" skipped="0" failures="0" errors="0" timestamp="2020-04-28T14:00:29" hostname="L" time="0.027">
  <properties/>
  <testcase name="appHasAGreeting()" classname="experiment8_pitest.AppTest" time="0.027"/>
  <system-out><![CDATA[]]></system-out>
  <system-err><![CDATA[]]></system-err>
</testsuite>
